app/build/intermediates/manifest_merge_blame_file/debug/manifest-merger-blame-debug-report.txt
1<?xml version="1.0" encoding="utf-8"?>
2<manifest xmlns:android="http://schemas.android.com/apk/res/android"
3    package="com.example.loginapp"
4    android:versionCode="1"
5    android:versionName="1.0" >
6
7    <uses-sdk
8        android:minSdkVersion="24"
8-->src\main\AndroidManifest.xml
9        android:targetSdkVersion="34" />
9-->src\main\AndroidManifest.xml
10
11    <!-- Network -->
12    <uses-permission android:name="android.permission.INTERNET" />
12-->src\main\AndroidManifest.xml:6:5-66
12-->src\main\AndroidManifest.xml:6:22-64
13
14    <!-- Location -->
15    <uses-permission android:name="android.permission.ACCESS_FINE_LOCATION" />
15-->src\main\AndroidManifest.xml:9:5-78
15-->src\main\AndroidManifest.xml:9:22-76
16    <uses-permission android:name="android.permission.ACCESS_COARSE_LOCATION" />
16-->src\main\AndroidManifest.xml:10:5-80
16-->src\main\AndroidManifest.xml:10:22-78
17    <uses-permission android:name="android.permission.ACCESS_BACKGROUND_LOCATION" />
17-->src\main\AndroidManifest.xml:11:5-84
17-->src\main\AndroidManifest.xml:11:22-82
18
19    <!-- Notifications -->
20    <uses-permission android:name="android.permission.POST_NOTIFICATIONS" />
20-->src\main\AndroidManifest.xml:14:5-76
20-->src\main\AndroidManifest.xml:14:22-74
21    <uses-permission android:name="android.permission.VIBRATE" />
21-->src\main\AndroidManifest.xml:15:5-65
21-->src\main\AndroidManifest.xml:15:22-63
22
23    <!-- Foreground service -->
24    <uses-permission android:name="android.permission.FOREGROUND_SERVICE" />
24-->src\main\AndroidManifest.xml:18:5-76
24-->src\main\AndroidManifest.xml:18:22-74
25    <uses-permission android:name="android.permission.FOREGROUND_SERVICE_LOCATION" />
25-->src\main\AndroidManifest.xml:19:5-85
25-->src\main\AndroidManifest.xml:19:22-83
26
27    <!-- Optional: auto-start tracking after reboot -->
28    <uses-permission android:name="android.permission.RECEIVE_BOOT_COMPLETED" />
28-->src\main\AndroidManifest.xml:23:5-80
28-->src\main\AndroidManifest.xml:23:22-78
29    <!-- Include required permissions for Google Maps API to run. -->
30    <uses-permission android:name="android.permission.ACCESS_NETWORK_STATE" />
30-->[com.google.android.gms:play-services-maps:18.2.0] AndroidManifest.xml:23:5-79
30-->[com.google.android.gms:play-services-maps:18.2.0] AndroidManifest.xml:23:22-76
31
32    <uses-feature
32-->[com.google.android.gms:play-services-maps:18.2.0] AndroidManifest.xml:26:5-28:35
33        android:glEsVersion="0x00020000"
33-->[com.google.android.gms:play-services-maps:18.2.0] AndroidManifest.xml:27:9-41
34        android:required="true" />
34-->[com.google.android.gms:play-services-maps:18.2.0] AndroidManifest.xml:28:9-32
35
36    <queries>
36-->[com.google.android.gms:play-services-maps:18.2.0] AndroidManifest.xml:30:5-34:15
37
38        <!-- Needs to be explicitly declared on Android R+ -->
39        <package android:name="com.google.android.apps.maps" />
39-->[com.google.android.gms:play-services-maps:18.2.0] AndroidManifest.xml:33:9-64
39-->[com.google.android.gms:play-services-maps:18.2.0] AndroidManifest.xml:33:18-61
40    </queries>
41
42    <uses-permission android:name="android.permission.WAKE_LOCK" /> <!-- Required by older versions of Google Play services to create IID tokens -->
42-->[com.google.firebase:firebase-messaging:24.0.2] AndroidManifest.xml:24:5-68
42-->[com.google.firebase:firebase-messaging:24.0.2] AndroidManifest.xml:24:22-65
43    <uses-permission android:name="com.google.android.c2dm.permission.RECEIVE" />
43-->[com.google.firebase:firebase-messaging:24.0.2] AndroidManifest.xml:26:5-82
43-->[com.google.firebase:firebase-messaging:24.0.2] AndroidManifest.xml:26:22-79
44    <uses-permission android:name="com.google.android.providers.gsf.permission.READ_GSERVICES" />
44-->[com.google.android.recaptcha:recaptcha:18.4.0] AndroidManifest.xml:9:5-98
44-->[com.google.android.recaptcha:recaptcha:18.4.0] AndroidManifest.xml:9:22-95
45
46    <permission
46-->[androidx.core:core:1.13.0] AndroidManifest.xml:22:5-24:47
47        android:name="com.example.loginapp.DYNAMIC_RECEIVER_NOT_EXPORTED_PERMISSION"
47-->[androidx.core:core:1.13.0] AndroidManifest.xml:23:9-81
48        android:protectionLevel="signature" />
48-->[androidx.core:core:1.13.0] AndroidManifest.xml:24:9-44
49
50    <uses-permission android:name="com.example.loginapp.DYNAMIC_RECEIVER_NOT_EXPORTED_PERMISSION" />
50-->[androidx.core:core:1.13.0] AndroidManifest.xml:26:5-97
50-->[androidx.core:core:1.13.0] AndroidManifest.xml:26:22-94
51
52    <application
52-->src\main\AndroidManifest.xml:26:5-89:19
53        android:allowBackup="true"
53-->src\main\AndroidManifest.xml:27:9-35
54        android:appComponentFactory="androidx.core.app.CoreComponentFactory"
54-->[androidx.core:core:1.13.0] AndroidManifest.xml:28:18-86
55        android:debuggable="true"
56        android:extractNativeLibs="false"
57        android:icon="@drawable/verdi"
57-->src\main\AndroidManifest.xml:30:9-39
58        android:label="@string/app_name"
58-->src\main\AndroidManifest.xml:28:9-41
59        android:roundIcon="@drawable/verdi"
59-->src\main\AndroidManifest.xml:31:9-44
60        android:supportsRtl="true"
60-->[com.github.ebanx:swipe-button:0.8.3] AndroidManifest.xml:14:9-35
61        android:testOnly="true"
62        android:theme="@style/Theme.LoginApp" >
62-->src\main\AndroidManifest.xml:29:9-46
63        <meta-data
63-->src\main\AndroidManifest.xml:33:9-35:45
64            android:name="com.google.firebase.messaging.default_notification_channel_id"
64-->src\main\AndroidManifest.xml:34:13-89
65            android:value="general_notifs" />
65-->src\main\AndroidManifest.xml:35:13-43
66        <meta-data
66-->src\main\AndroidManifest.xml:36:9-38:56
67            android:name="com.google.firebase.messaging.default_notification_icon"
67-->src\main\AndroidManifest.xml:37:13-83
68            android:resource="@drawable/ic_stat_name" />
68-->src\main\AndroidManifest.xml:38:13-54
69
70        <activity
70-->src\main\AndroidManifest.xml:40:9-43:40
71            android:name="com.example.loginapp.HomeActivity"
71-->src\main\AndroidManifest.xml:41:13-41
72            android:exported="false"
72-->src\main\AndroidManifest.xml:43:13-37
73            android:launchMode="singleTop" />
73-->src\main\AndroidManifest.xml:42:13-43
74        <activity
74-->src\main\AndroidManifest.xml:45:9-52:20
75            android:name="com.example.loginapp.LoginActivity"
75-->src\main\AndroidManifest.xml:46:13-42
76            android:exported="true" >
76-->src\main\AndroidManifest.xml:47:13-36
77            <intent-filter>
77-->src\main\AndroidManifest.xml:48:13-51:29
78                <action android:name="android.intent.action.MAIN" />
78-->src\main\AndroidManifest.xml:49:17-68
78-->src\main\AndroidManifest.xml:49:25-66
79
80                <category android:name="android.intent.category.LAUNCHER" />
80-->src\main\AndroidManifest.xml:50:17-76
80-->src\main\AndroidManifest.xml:50:27-74
81            </intent-filter>
82        </activity>
83        <activity android:name="com.example.loginapp.TaskDetailActivity" />
83-->src\main\AndroidManifest.xml:54:9-56
83-->src\main\AndroidManifest.xml:54:19-53
84
85        <!-- The in-app assignment dialog (launched from our own notification PendingIntent) -->
86        <activity
86-->src\main\AndroidManifest.xml:57:9-63:39
87            android:name="com.example.loginapp.TaskDialogActivity"
87-->src\main\AndroidManifest.xml:58:13-47
88            android:excludeFromRecents="true"
88-->src\main\AndroidManifest.xml:62:13-46
89            android:exported="false"
89-->src\main\AndroidManifest.xml:59:13-37
90            android:launchMode="singleTop"
90-->src\main\AndroidManifest.xml:61:13-43
91            android:taskAffinity=""
91-->src\main\AndroidManifest.xml:63:13-36
92            android:theme="@style/Theme.TaskDialog" />
92-->src\main\AndroidManifest.xml:60:13-52
93
94        <service
94-->src\main\AndroidManifest.xml:65:9-69:43
95            android:name="com.example.loginapp.LocationPingService"
95-->src\main\AndroidManifest.xml:66:13-48
96            android:exported="false"
96-->src\main\AndroidManifest.xml:67:13-37
97            android:foregroundServiceType="location"
97-->src\main\AndroidManifest.xml:68:13-53
98            android:stopWithTask="false" />
98-->src\main\AndroidManifest.xml:69:13-41
99
100        <receiver
100-->src\main\AndroidManifest.xml:71:9-73:40
101            android:name="com.example.loginapp.AssignmentDismissReceiver"
101-->src\main\AndroidManifest.xml:72:13-54
102            android:exported="false" />
102-->src\main\AndroidManifest.xml:73:13-37
103
104        <!-- inside <application> ... -->
105
106
107        <!-- FCM token service -->
108        <service
108-->src\main\AndroidManifest.xml:78:9-85:19
109            android:name="com.example.loginapp.push.MyFcmService"
109-->src\main\AndroidManifest.xml:79:13-46
110            android:exported="false"
110-->src\main\AndroidManifest.xml:80:13-37
111            android:permission="com.google.android.c2dm.permission.SEND" >
111-->src\main\AndroidManifest.xml:81:13-73
112            <intent-filter>
112-->src\main\AndroidManifest.xml:82:13-84:29
113                <action android:name="com.google.firebase.MESSAGING_EVENT" />
113-->src\main\AndroidManifest.xml:83:17-78
113-->src\main\AndroidManifest.xml:83:25-75
114            </intent-filter>
115        </service>
116
117        <!-- Needs to be explicitly declared on P+ -->
118        <uses-library
118-->[com.google.android.gms:play-services-maps:18.2.0] AndroidManifest.xml:39:9-41:40
119            android:name="org.apache.http.legacy"
119-->[com.google.android.gms:play-services-maps:18.2.0] AndroidManifest.xml:40:13-50
120            android:required="false" />
120-->[com.google.android.gms:play-services-maps:18.2.0] AndroidManifest.xml:41:13-37
121
122        <activity
122-->[com.google.firebase:firebase-auth:23.0.0] AndroidManifest.xml:29:9-46:20
123            android:name="com.google.firebase.auth.internal.GenericIdpActivity"
123-->[com.google.firebase:firebase-auth:23.0.0] AndroidManifest.xml:30:13-80
124            android:excludeFromRecents="true"
124-->[com.google.firebase:firebase-auth:23.0.0] AndroidManifest.xml:31:13-46
125            android:exported="true"
125-->[com.google.firebase:firebase-auth:23.0.0] AndroidManifest.xml:32:13-36
126            android:launchMode="singleTask"
126-->[com.google.firebase:firebase-auth:23.0.0] AndroidManifest.xml:33:13-44
127            android:theme="@android:style/Theme.Translucent.NoTitleBar" >
127-->[com.google.firebase:firebase-auth:23.0.0] AndroidManifest.xml:34:13-72
128            <intent-filter>
128-->[com.google.firebase:firebase-auth:23.0.0] AndroidManifest.xml:35:13-45:29
129                <action android:name="android.intent.action.VIEW" />
129-->[com.google.firebase:firebase-auth:23.0.0] AndroidManifest.xml:36:17-69
129-->[com.google.firebase:firebase-auth:23.0.0] AndroidManifest.xml:36:25-66
130
131                <category android:name="android.intent.category.DEFAULT" />
131-->[com.google.firebase:firebase-auth:23.0.0] AndroidManifest.xml:38:17-76
131-->[com.google.firebase:firebase-auth:23.0.0] AndroidManifest.xml:38:27-73
132                <category android:name="android.intent.category.BROWSABLE" />
132-->[com.google.firebase:firebase-auth:23.0.0] AndroidManifest.xml:39:17-78
132-->[com.google.firebase:firebase-auth:23.0.0] AndroidManifest.xml:39:27-75
133
134                <data
134-->[com.google.firebase:firebase-auth:23.0.0] AndroidManifest.xml:41:17-44:51
135                    android:host="firebase.auth"
135-->[com.google.firebase:firebase-auth:23.0.0] AndroidManifest.xml:42:21-49
136                    android:path="/"
136-->[com.google.firebase:firebase-auth:23.0.0] AndroidManifest.xml:43:21-37
137                    android:scheme="genericidp" />
137-->[com.google.firebase:firebase-auth:23.0.0] AndroidManifest.xml:44:21-48
138            </intent-filter>
139        </activity>
140        <activity
140-->[com.google.firebase:firebase-auth:23.0.0] AndroidManifest.xml:47:9-64:20
141            android:name="com.google.firebase.auth.internal.RecaptchaActivity"
141-->[com.google.firebase:firebase-auth:23.0.0] AndroidManifest.xml:48:13-79
142            android:excludeFromRecents="true"
142-->[com.google.firebase:firebase-auth:23.0.0] AndroidManifest.xml:49:13-46
143            android:exported="true"
143-->[com.google.firebase:firebase-auth:23.0.0] AndroidManifest.xml:50:13-36
144            android:launchMode="singleTask"
144-->[com.google.firebase:firebase-auth:23.0.0] AndroidManifest.xml:51:13-44
145            android:theme="@android:style/Theme.Translucent.NoTitleBar" >
145-->[com.google.firebase:firebase-auth:23.0.0] AndroidManifest.xml:52:13-72
146            <intent-filter>
146-->[com.google.firebase:firebase-auth:23.0.0] AndroidManifest.xml:53:13-63:29
147                <action android:name="android.intent.action.VIEW" />
147-->[com.google.firebase:firebase-auth:23.0.0] AndroidManifest.xml:36:17-69
147-->[com.google.firebase:firebase-auth:23.0.0] AndroidManifest.xml:36:25-66
148
149                <category android:name="android.intent.category.DEFAULT" />
149-->[com.google.firebase:firebase-auth:23.0.0] AndroidManifest.xml:38:17-76
149-->[com.google.firebase:firebase-auth:23.0.0] AndroidManifest.xml:38:27-73
150                <category android:name="android.intent.category.BROWSABLE" />
150-->[com.google.firebase:firebase-auth:23.0.0] AndroidManifest.xml:39:17-78
150-->[com.google.firebase:firebase-auth:23.0.0] AndroidManifest.xml:39:27-75
151
152                <data
152-->[com.google.firebase:firebase-auth:23.0.0] AndroidManifest.xml:41:17-44:51
153                    android:host="firebase.auth"
153-->[com.google.firebase:firebase-auth:23.0.0] AndroidManifest.xml:42:21-49
154                    android:path="/"
154-->[com.google.firebase:firebase-auth:23.0.0] AndroidManifest.xml:43:21-37
155                    android:scheme="recaptcha" />
155-->[com.google.firebase:firebase-auth:23.0.0] AndroidManifest.xml:44:21-48
156            </intent-filter>
157        </activity>
158
159        <service
159-->[com.google.firebase:firebase-auth:23.0.0] AndroidManifest.xml:66:9-72:19
160            android:name="com.google.firebase.components.ComponentDiscoveryService"
160-->[com.google.firebase:firebase-auth:23.0.0] AndroidManifest.xml:67:13-84
161            android:directBootAware="true"
161-->[com.google.firebase:firebase-common:21.0.0] AndroidManifest.xml:32:13-43
162            android:exported="false" >
162-->[com.google.firebase:firebase-auth:23.0.0] AndroidManifest.xml:68:13-37
163            <meta-data
163-->[com.google.firebase:firebase-auth:23.0.0] AndroidManifest.xml:69:13-71:85
164                android:name="com.google.firebase.components:com.google.firebase.auth.FirebaseAuthRegistrar"
164-->[com.google.firebase:firebase-auth:23.0.0] AndroidManifest.xml:70:17-109
165                android:value="com.google.firebase.components.ComponentRegistrar" />
165-->[com.google.firebase:firebase-auth:23.0.0] AndroidManifest.xml:71:17-82
166            <meta-data
166-->[com.google.firebase:firebase-database:21.0.0] AndroidManifest.xml:29:13-31:85
167                android:name="com.google.firebase.components:com.google.firebase.database.FirebaseDatabaseKtxRegistrar"
167-->[com.google.firebase:firebase-database:21.0.0] AndroidManifest.xml:30:17-120
168                android:value="com.google.firebase.components.ComponentRegistrar" />
168-->[com.google.firebase:firebase-database:21.0.0] AndroidManifest.xml:31:17-82
169            <meta-data
169-->[com.google.firebase:firebase-database:21.0.0] AndroidManifest.xml:32:13-34:85
170                android:name="com.google.firebase.components:com.google.firebase.database.DatabaseRegistrar"
170-->[com.google.firebase:firebase-database:21.0.0] AndroidManifest.xml:33:17-109
171                android:value="com.google.firebase.components.ComponentRegistrar" />
171-->[com.google.firebase:firebase-database:21.0.0] AndroidManifest.xml:34:17-82
172            <meta-data
172-->[com.google.firebase:firebase-firestore:25.1.0] AndroidManifest.xml:17:13-19:85
173                android:name="com.google.firebase.components:com.google.firebase.firestore.FirebaseFirestoreKtxRegistrar"
173-->[com.google.firebase:firebase-firestore:25.1.0] AndroidManifest.xml:18:17-122
174                android:value="com.google.firebase.components.ComponentRegistrar" />
174-->[com.google.firebase:firebase-firestore:25.1.0] AndroidManifest.xml:19:17-82
175            <meta-data
175-->[com.google.firebase:firebase-firestore:25.1.0] AndroidManifest.xml:20:13-22:85
176                android:name="com.google.firebase.components:com.google.firebase.firestore.FirestoreRegistrar"
176-->[com.google.firebase:firebase-firestore:25.1.0] AndroidManifest.xml:21:17-111
177                android:value="com.google.firebase.components.ComponentRegistrar" />
177-->[com.google.firebase:firebase-firestore:25.1.0] AndroidManifest.xml:22:17-82
178            <meta-data
178-->[com.google.firebase:firebase-appcheck-debug:18.0.0] AndroidManifest.xml:25:13-27:85
179                android:name="com.google.firebase.components:com.google.firebase.appcheck.debug.FirebaseAppCheckDebugRegistrar"
179-->[com.google.firebase:firebase-appcheck-debug:18.0.0] AndroidManifest.xml:26:17-128
180                android:value="com.google.firebase.components.ComponentRegistrar" />
180-->[com.google.firebase:firebase-appcheck-debug:18.0.0] AndroidManifest.xml:27:17-82
181            <meta-data
181-->[com.google.firebase:firebase-messaging:24.0.2] AndroidManifest.xml:57:13-59:85
182                android:name="com.google.firebase.components:com.google.firebase.messaging.FirebaseMessagingKtxRegistrar"
182-->[com.google.firebase:firebase-messaging:24.0.2] AndroidManifest.xml:58:17-122
183                android:value="com.google.firebase.components.ComponentRegistrar" />
183-->[com.google.firebase:firebase-messaging:24.0.2] AndroidManifest.xml:59:17-82
184            <meta-data
184-->[com.google.firebase:firebase-messaging:24.0.2] AndroidManifest.xml:60:13-62:85
185                android:name="com.google.firebase.components:com.google.firebase.messaging.FirebaseMessagingRegistrar"
185-->[com.google.firebase:firebase-messaging:24.0.2] AndroidManifest.xml:61:17-119
186                android:value="com.google.firebase.components.ComponentRegistrar" />
186-->[com.google.firebase:firebase-messaging:24.0.2] AndroidManifest.xml:62:17-82
187            <meta-data
187-->[com.google.firebase:firebase-appcheck:18.0.0] AndroidManifest.xml:25:13-27:85
188                android:name="com.google.firebase.components:com.google.firebase.appcheck.FirebaseAppCheckKtxRegistrar"
188-->[com.google.firebase:firebase-appcheck:18.0.0] AndroidManifest.xml:26:17-120
189                android:value="com.google.firebase.components.ComponentRegistrar" />
189-->[com.google.firebase:firebase-appcheck:18.0.0] AndroidManifest.xml:27:17-82
190            <meta-data
190-->[com.google.firebase:firebase-appcheck:18.0.0] AndroidManifest.xml:28:13-30:85
191                android:name="com.google.firebase.components:com.google.firebase.appcheck.FirebaseAppCheckRegistrar"
191-->[com.google.firebase:firebase-appcheck:18.0.0] AndroidManifest.xml:29:17-117
192                android:value="com.google.firebase.components.ComponentRegistrar" />
192-->[com.google.firebase:firebase-appcheck:18.0.0] AndroidManifest.xml:30:17-82
193            <meta-data
193-->[com.google.firebase:firebase-datatransport:18.2.0] AndroidManifest.xml:25:13-27:85
194                android:name="com.google.firebase.components:com.google.firebase.datatransport.TransportRegistrar"
194-->[com.google.firebase:firebase-datatransport:18.2.0] AndroidManifest.xml:26:17-115
195                android:value="com.google.firebase.components.ComponentRegistrar" />
195-->[com.google.firebase:firebase-datatransport:18.2.0] AndroidManifest.xml:27:17-82
196            <meta-data
196-->[com.google.firebase:firebase-installations:18.0.0] AndroidManifest.xml:15:13-17:85
197                android:name="com.google.firebase.components:com.google.firebase.installations.FirebaseInstallationsKtxRegistrar"
197-->[com.google.firebase:firebase-installations:18.0.0] AndroidManifest.xml:16:17-130
198                android:value="com.google.firebase.components.ComponentRegistrar" />
198-->[com.google.firebase:firebase-installations:18.0.0] AndroidManifest.xml:17:17-82
199            <meta-data
199-->[com.google.firebase:firebase-installations:18.0.0] AndroidManifest.xml:18:13-20:85
200                android:name="com.google.firebase.components:com.google.firebase.installations.FirebaseInstallationsRegistrar"
200-->[com.google.firebase:firebase-installations:18.0.0] AndroidManifest.xml:19:17-127
201                android:value="com.google.firebase.components.ComponentRegistrar" />
201-->[com.google.firebase:firebase-installations:18.0.0] AndroidManifest.xml:20:17-82
202            <meta-data
202-->[com.google.firebase:firebase-common-ktx:21.0.0] AndroidManifest.xml:12:13-14:85
203                android:name="com.google.firebase.components:com.google.firebase.ktx.FirebaseCommonLegacyRegistrar"
203-->[com.google.firebase:firebase-common-ktx:21.0.0] AndroidManifest.xml:13:17-116
204                android:value="com.google.firebase.components.ComponentRegistrar" />
204-->[com.google.firebase:firebase-common-ktx:21.0.0] AndroidManifest.xml:14:17-82
205            <meta-data
205-->[com.google.firebase:firebase-common:21.0.0] AndroidManifest.xml:35:13-37:85
206                android:name="com.google.firebase.components:com.google.firebase.FirebaseCommonKtxRegistrar"
206-->[com.google.firebase:firebase-common:21.0.0] AndroidManifest.xml:36:17-109
207                android:value="com.google.firebase.components.ComponentRegistrar" />
207-->[com.google.firebase:firebase-common:21.0.0] AndroidManifest.xml:37:17-82
208        </service>
209
210        <receiver
210-->[com.google.firebase:firebase-messaging:24.0.2] AndroidManifest.xml:29:9-40:20
211            android:name="com.google.firebase.iid.FirebaseInstanceIdReceiver"
211-->[com.google.firebase:firebase-messaging:24.0.2] AndroidManifest.xml:30:13-78
212            android:exported="true"
212-->[com.google.firebase:firebase-messaging:24.0.2] AndroidManifest.xml:31:13-36
213            android:permission="com.google.android.c2dm.permission.SEND" >
213-->[com.google.firebase:firebase-messaging:24.0.2] AndroidManifest.xml:32:13-73
214            <intent-filter>
214-->[com.google.firebase:firebase-messaging:24.0.2] AndroidManifest.xml:33:13-35:29
215                <action android:name="com.google.android.c2dm.intent.RECEIVE" />
215-->[com.google.firebase:firebase-messaging:24.0.2] AndroidManifest.xml:34:17-81
215-->[com.google.firebase:firebase-messaging:24.0.2] AndroidManifest.xml:34:25-78
216            </intent-filter>
217
218            <meta-data
218-->[com.google.firebase:firebase-messaging:24.0.2] AndroidManifest.xml:37:13-39:40
219                android:name="com.google.android.gms.cloudmessaging.FINISHED_AFTER_HANDLED"
219-->[com.google.firebase:firebase-messaging:24.0.2] AndroidManifest.xml:38:17-92
220                android:value="true" />
220-->[com.google.firebase:firebase-messaging:24.0.2] AndroidManifest.xml:39:17-37
221        </receiver>
222        <!--
223             FirebaseMessagingService performs security checks at runtime,
224             but set to not exported to explicitly avoid allowing another app to call it.
225        -->
226        <service
226-->[com.google.firebase:firebase-messaging:24.0.2] AndroidManifest.xml:46:9-53:19
227            android:name="com.google.firebase.messaging.FirebaseMessagingService"
227-->[com.google.firebase:firebase-messaging:24.0.2] AndroidManifest.xml:47:13-82
228            android:directBootAware="true"
228-->[com.google.firebase:firebase-messaging:24.0.2] AndroidManifest.xml:48:13-43
229            android:exported="false" >
229-->[com.google.firebase:firebase-messaging:24.0.2] AndroidManifest.xml:49:13-37
230            <intent-filter android:priority="-500" >
230-->src\main\AndroidManifest.xml:82:13-84:29
231                <action android:name="com.google.firebase.MESSAGING_EVENT" />
231-->src\main\AndroidManifest.xml:83:17-78
231-->src\main\AndroidManifest.xml:83:25-75
232            </intent-filter>
233        </service>
234        <service
234-->[com.google.android.datatransport:transport-backend-cct:3.1.9] AndroidManifest.xml:28:9-34:19
235            android:name="com.google.android.datatransport.runtime.backends.TransportBackendDiscovery"
235-->[com.google.android.datatransport:transport-backend-cct:3.1.9] AndroidManifest.xml:29:13-103
236            android:exported="false" >
236-->[com.google.android.datatransport:transport-backend-cct:3.1.9] AndroidManifest.xml:30:13-37
237            <meta-data
237-->[com.google.android.datatransport:transport-backend-cct:3.1.9] AndroidManifest.xml:31:13-33:39
238                android:name="backend:com.google.android.datatransport.cct.CctBackendFactory"
238-->[com.google.android.datatransport:transport-backend-cct:3.1.9] AndroidManifest.xml:32:17-94
239                android:value="cct" />
239-->[com.google.android.datatransport:transport-backend-cct:3.1.9] AndroidManifest.xml:33:17-36
240        </service>
241        <service
241-->[com.google.android.datatransport:transport-runtime:3.1.9] AndroidManifest.xml:26:9-30:19
242            android:name="com.google.android.datatransport.runtime.scheduling.jobscheduling.JobInfoSchedulerService"
242-->[com.google.android.datatransport:transport-runtime:3.1.9] AndroidManifest.xml:27:13-117
243            android:exported="false"
243-->[com.google.android.datatransport:transport-runtime:3.1.9] AndroidManifest.xml:28:13-37
244            android:permission="android.permission.BIND_JOB_SERVICE" >
244-->[com.google.android.datatransport:transport-runtime:3.1.9] AndroidManifest.xml:29:13-69
245        </service>
246
247        <receiver
247-->[com.google.android.datatransport:transport-runtime:3.1.9] AndroidManifest.xml:32:9-34:40
248            android:name="com.google.android.datatransport.runtime.scheduling.jobscheduling.AlarmManagerSchedulerBroadcastReceiver"
248-->[com.google.android.datatransport:transport-runtime:3.1.9] AndroidManifest.xml:33:13-132
249            android:exported="false" />
249-->[com.google.android.datatransport:transport-runtime:3.1.9] AndroidManifest.xml:34:13-37
250
251        <provider
251-->[com.google.firebase:firebase-common:21.0.0] AndroidManifest.xml:23:9-28:39
252            android:name="com.google.firebase.provider.FirebaseInitProvider"
252-->[com.google.firebase:firebase-common:21.0.0] AndroidManifest.xml:24:13-77
253            android:authorities="com.example.loginapp.firebaseinitprovider"
253-->[com.google.firebase:firebase-common:21.0.0] AndroidManifest.xml:25:13-72
254            android:directBootAware="true"
254-->[com.google.firebase:firebase-common:21.0.0] AndroidManifest.xml:26:13-43
255            android:exported="false"
255-->[com.google.firebase:firebase-common:21.0.0] AndroidManifest.xml:27:13-37
256            android:initOrder="100" />
256-->[com.google.firebase:firebase-common:21.0.0] AndroidManifest.xml:28:13-36
257
258        <service
258-->[androidx.credentials:credentials-play-services-auth:1.2.0-rc01] AndroidManifest.xml:24:9-32:19
259            android:name="androidx.credentials.playservices.CredentialProviderMetadataHolder"
259-->[androidx.credentials:credentials-play-services-auth:1.2.0-rc01] AndroidManifest.xml:25:13-94
260            android:enabled="true"
260-->[androidx.credentials:credentials-play-services-auth:1.2.0-rc01] AndroidManifest.xml:26:13-35
261            android:exported="false" >
261-->[androidx.credentials:credentials-play-services-auth:1.2.0-rc01] AndroidManifest.xml:27:13-37
262            <meta-data
262-->[androidx.credentials:credentials-play-services-auth:1.2.0-rc01] AndroidManifest.xml:29:13-31:104
263                android:name="androidx.credentials.CREDENTIAL_PROVIDER_KEY"
263-->[androidx.credentials:credentials-play-services-auth:1.2.0-rc01] AndroidManifest.xml:30:17-76
264                android:value="androidx.credentials.playservices.CredentialProviderPlayServicesImpl" />
264-->[androidx.credentials:credentials-play-services-auth:1.2.0-rc01] AndroidManifest.xml:31:17-101
265        </service>
266
267        <activity
267-->[androidx.credentials:credentials-play-services-auth:1.2.0-rc01] AndroidManifest.xml:34:9-41:20
268            android:name="androidx.credentials.playservices.HiddenActivity"
268-->[androidx.credentials:credentials-play-services-auth:1.2.0-rc01] AndroidManifest.xml:35:13-76
269            android:configChanges="orientation|screenSize|screenLayout|keyboardHidden"
269-->[androidx.credentials:credentials-play-services-auth:1.2.0-rc01] AndroidManifest.xml:36:13-87
270            android:enabled="true"
270-->[androidx.credentials:credentials-play-services-auth:1.2.0-rc01] AndroidManifest.xml:37:13-35
271            android:exported="false"
271-->[androidx.credentials:credentials-play-services-auth:1.2.0-rc01] AndroidManifest.xml:38:13-37
272            android:fitsSystemWindows="true"
272-->[androidx.credentials:credentials-play-services-auth:1.2.0-rc01] AndroidManifest.xml:39:13-45
273            android:theme="@style/Theme.Hidden" >
273-->[androidx.credentials:credentials-play-services-auth:1.2.0-rc01] AndroidManifest.xml:40:13-48
274        </activity>
275        <activity
275-->[com.google.android.gms:play-services-auth:20.7.0] AndroidManifest.xml:23:9-27:75
276            android:name="com.google.android.gms.auth.api.signin.internal.SignInHubActivity"
276-->[com.google.android.gms:play-services-auth:20.7.0] AndroidManifest.xml:24:13-93
277            android:excludeFromRecents="true"